{"level":"info","message":"[mb:2525] mountebank v2.6.0 now taking orders - point your browser to http://localhost:2525/ for help","timestamp":"2022-06-18T05:43:12.430Z"}
{"level":"info","message":"[mb:2525] PUT /imposters","timestamp":"2022-06-18T05:43:12.460Z"}
{"level":"info","message":"[http:2727 User] Open for business...","timestamp":"2022-06-18T05:43:12.472Z"}
{"level":"info","message":"[http:2727 User] ::1:50370 => GET /user/jsmith/tweets","timestamp":"2022-06-18T05:43:25.430Z"}
{"level":"info","message":"[http:2727 User] ::1:50377 => GET /user/jsmith","timestamp":"2022-06-18T05:45:49.796Z"}
{"level":"info","message":"[http:2727 User] ::1:50378 => GET /user/jsmith/tweets","timestamp":"2022-06-18T05:45:49.801Z"}
{"level":"info","message":"[http:2727 User] ::1:50947 => GET /user/jsmith","timestamp":"2022-06-18T05:57:42.720Z"}
{"level":"info","message":"[http:2727 User] ::1:50948 => GET /user/jsmith/tweets","timestamp":"2022-06-18T05:57:42.724Z"}
{"level":"info","message":"[http:2727 User] ::1:51105 => GET /user/jsmith","timestamp":"2022-06-18T05:59:15.125Z"}
{"level":"info","message":"[http:2727 User] ::1:51106 => GET /user/jsmith/tweets","timestamp":"2022-06-18T05:59:15.130Z"}
{"level":"info","message":"[http:2727 User] ::1:51113 => GET /user/jsmith","timestamp":"2022-06-18T05:59:27.530Z"}
{"level":"info","message":"[http:2727 User] ::1:51114 => GET /user/jsmith/tweets","timestamp":"2022-06-18T05:59:27.533Z"}
{"level":"info","message":"[http:2727 User] ::1:51281 => GET /user/jsmith","timestamp":"2022-06-18T06:00:23.820Z"}
{"level":"info","message":"[http:2727 User] ::1:51282 => GET /user/jsmith/tweets","timestamp":"2022-06-18T06:00:23.823Z"}
{"level":"info","message":"[http:2727 User] ::1:51283 => GET /user/jsmith","timestamp":"2022-06-18T06:00:46.971Z"}
{"level":"info","message":"[http:2727 User] ::1:51284 => GET /user/jsmith/tweets","timestamp":"2022-06-18T06:00:46.975Z"}
{"level":"info","message":"[http:2727 User] ::1:51285 => GET /user/jsmith","timestamp":"2022-06-18T06:01:03.763Z"}
{"level":"info","message":"[http:2727 User] ::1:51286 => GET /user/jsmith/tweets","timestamp":"2022-06-18T06:01:03.767Z"}
{"level":"info","message":"[http:2727 User] ::1:51390 => GET /user/jsmith","timestamp":"2022-06-18T06:01:55.144Z"}
{"level":"info","message":"[http:2727 User] ::1:51391 => GET /user/jsmith/tweets","timestamp":"2022-06-18T06:01:55.147Z"}
{"level":"info","message":"[http:2727 User] ::1:51393 => GET /user/jsmith","timestamp":"2022-06-18T06:02:28.253Z"}
{"level":"info","message":"[http:2727 User] ::1:51394 => GET /user/jsmith/tweets","timestamp":"2022-06-18T06:02:28.257Z"}
{"level":"info","message":"[http:2727 User] ::1:51397 => GET /user/jsmith","timestamp":"2022-06-18T06:03:30.175Z"}
{"level":"info","message":"[http:2727 User] ::1:51398 => GET /user/jsmith/tweets","timestamp":"2022-06-18T06:03:30.177Z"}
{"level":"info","message":"[http:2727 User] ::1:51399 => GET /user/jsmith","timestamp":"2022-06-18T06:03:46.873Z"}
{"level":"info","message":"[http:2727 User] ::1:51400 => GET /user/jsmith/tweets","timestamp":"2022-06-18T06:03:46.876Z"}
{"level":"info","message":"[http:2727 User] ::1:51498 => GET /user/jsmith","timestamp":"2022-06-18T06:04:03.764Z"}
{"level":"info","message":"[http:2727 User] ::1:51499 => GET /user/jsmith/tweets","timestamp":"2022-06-18T06:04:03.768Z"}
{"level":"info","message":"[http:2727 User] ::1:51627 => GET /user/jsmith","timestamp":"2022-06-18T06:04:52.004Z"}
{"level":"info","message":"[http:2727 User] ::1:51628 => GET /user/jsmith/tweets","timestamp":"2022-06-18T06:04:52.006Z"}
{"level":"info","message":"[http:2727 User] ::1:51740 => GET /user/jsmith","timestamp":"2022-06-18T06:05:22.649Z"}
{"level":"info","message":"[http:2727 User] ::1:51741 => GET /user/jsmith/tweets","timestamp":"2022-06-18T06:05:22.651Z"}
{"level":"info","message":"[http:2727 User] ::1:51794 => GET /user/jsmith","timestamp":"2022-06-18T06:05:39.209Z"}
{"level":"info","message":"[http:2727 User] ::1:51795 => GET /user/jsmith/tweets","timestamp":"2022-06-18T06:05:39.211Z"}
{"level":"info","message":"[http:2727 User] ::1:51952 => GET /user/jsmith","timestamp":"2022-06-18T06:07:51.205Z"}
{"level":"info","message":"[http:2727 User] ::1:51953 => GET /user/jsmith/tweets","timestamp":"2022-06-18T06:07:51.207Z"}
{"level":"info","message":"[http:2727 User] ::1:52338 => GET /user/jsmith","timestamp":"2022-06-18T06:14:29.846Z"}
{"level":"info","message":"[http:2727 User] ::1:52339 => GET /user/jsmith/tweets","timestamp":"2022-06-18T06:14:29.849Z"}
{"level":"info","message":"[http:2727 User] ::1:52349 => GET /user/jsmith","timestamp":"2022-06-18T06:15:39.779Z"}
{"level":"info","message":"[http:2727 User] ::1:52350 => GET /user/jsmith/tweets","timestamp":"2022-06-18T06:15:39.781Z"}
{"level":"info","message":"[http:2727 User] ::1:52402 => GET /user/jsmith","timestamp":"2022-06-18T06:16:58.094Z"}
{"level":"info","message":"[http:2727 User] ::1:52403 => GET /user/jsmith/tweets","timestamp":"2022-06-18T06:16:58.097Z"}
{"level":"info","message":"[http:2727 User] ::1:52404 => GET /user/jsmith","timestamp":"2022-06-18T06:17:17.955Z"}
{"level":"info","message":"[http:2727 User] ::1:52405 => GET /user/jsmith/tweets","timestamp":"2022-06-18T06:17:17.957Z"}
{"level":"info","message":"[http:2727 User] ::1:52457 => GET /user/jsmith","timestamp":"2022-06-18T06:18:02.760Z"}
{"level":"info","message":"[http:2727 User] ::1:52458 => GET /user/jsmith/tweets","timestamp":"2022-06-18T06:18:02.763Z"}
{"level":"info","message":"[http:2727 User] ::1:52952 => GET /user/jsmith","timestamp":"2022-06-18T06:26:59.541Z"}
{"level":"info","message":"[http:2727 User] ::1:52953 => GET /user/jsmith/tweets","timestamp":"2022-06-18T06:26:59.543Z"}
{"level":"info","message":"[http:2727 User] ::1:52955 => GET /user/jsmith","timestamp":"2022-06-18T06:28:50.041Z"}
{"level":"info","message":"[http:2727 User] ::1:52956 => GET /user/jsmith/tweets","timestamp":"2022-06-18T06:28:50.043Z"}
{"level":"info","message":"[http:2727 User] ::1:53113 => GET /user/jsmith","timestamp":"2022-06-18T06:29:40.465Z"}
{"level":"info","message":"[http:2727 User] ::1:53114 => GET /user/jsmith/tweets","timestamp":"2022-06-18T06:29:40.469Z"}
{"level":"info","message":"[http:2727 User] ::1:53166 => GET /user/jsmith","timestamp":"2022-06-18T06:30:06.453Z"}
{"level":"info","message":"[http:2727 User] ::1:53167 => GET /user/jsmith/tweets","timestamp":"2022-06-18T06:30:06.455Z"}
{"level":"info","message":"[http:2727 User] ::1:53231 => GET /user/jsmith","timestamp":"2022-06-18T06:31:42.128Z"}
{"level":"info","message":"[http:2727 User] ::1:53232 => GET /user/jsmith/tweets","timestamp":"2022-06-18T06:31:42.129Z"}
{"level":"info","message":"[http:2727 User] ::1:53287 => GET /user/jsmith","timestamp":"2022-06-18T06:32:32.813Z"}
{"level":"info","message":"[http:2727 User] ::1:53288 => GET /user/jsmith/tweets","timestamp":"2022-06-18T06:32:32.815Z"}
{"level":"info","message":"[http:2727 User] ::1:53402 => GET /user/jsmith","timestamp":"2022-06-18T06:33:57.262Z"}
{"level":"info","message":"[http:2727 User] ::1:53403 => GET /user/jsmith/tweets","timestamp":"2022-06-18T06:33:57.264Z"}
{"level":"info","message":"[http:2727 User] ::1:53457 => GET /user/jsmith","timestamp":"2022-06-18T06:36:33.651Z"}
{"level":"info","message":"[http:2727 User] ::1:53458 => GET /user/jsmith/tweets","timestamp":"2022-06-18T06:36:33.655Z"}
{"level":"info","message":"[http:2727 User] ::1:53510 => GET /user/jsmith","timestamp":"2022-06-18T06:37:38.645Z"}
{"level":"info","message":"[http:2727 User] ::1:53511 => GET /user/jsmith/tweets","timestamp":"2022-06-18T06:37:38.647Z"}
